<?xml version="1.0" encoding="UTF-8"?>
<!-- Generated by org.testng.reporters.JUnitReportReporter -->
<testsuite hostname="LAPTOP-EVOS6L15" failures="0" tests="2" name="testCases.TC001_AccountRegistrationTest" time="16.599" errors="0" timestamp="2025-07-25T16:59:34 IST" skipped="0">
  <testcase classname="testCases.TC001_AccountRegistrationTest" name="verify_account_registration" time="9.178"/>
  <testcase classname="testCases.TC001_AccountRegistrationTest" name="verify_account_registration" time="7.421"/>
</testsuite> <!-- testCases.TC001_AccountRegistrationTest -->
