<?xml version="1.0" encoding="UTF-8"?>
<!-- Generated by org.testng.reporters.JUnitReportReporter -->
<testsuite hostname="LAPTOP-EVOS6L15" failures="0" tests="1" name="testCases.TC002_LoginTest" time="4.813" errors="0" timestamp="2025-07-26T12:02:43 IST" skipped="0">
  <testcase classname="testCases.TC002_LoginTest" name="verify_Login" time="4.813"/>
</testsuite> <!-- testCases.TC002_LoginTest -->
