<?xml version="1.0" encoding="UTF-8"?>
<!-- Generated by org.testng.reporters.JUnitReportReporter -->
<testsuite hostname="LAPTOP-EVOS6L15" failures="0" tests="1" name="testCases.TC001_AccountRegistrationTest" time="7.962" errors="0" timestamp="2025-07-26T12:02:43 IST" skipped="0">
  <testcase classname="testCases.TC001_AccountRegistrationTest" name="verify_account_registration" time="7.962"/>
</testsuite> <!-- testCases.TC001_AccountRegistrationTest -->
